2025-03-15 14:24:45 DEBUG cache:44 - Couldn't find template in cache for "index.ftl"("en_US", UTF-8, parsed); will try to load it.
2025-03-15 14:24:45 DEBUG cache:44 - TemplateLoader.findTemplateSource("index_en_US.ftl"): Not found
2025-03-15 14:24:45 DEBUG cache:44 - TemplateLoader.findTemplateSource("index_en.ftl"): Not found
2025-03-15 14:24:45 DEBUG cache:44 - TemplateLoader.findTemplateSource("index.ftl"): Found
2025-03-15 14:24:45 DEBUG cache:44 - Loading template for "index.ftl"("en_US", UTF-8, parsed) from "jar:file:/C:/Users/chand/.m2/repository/com/aventstack/chaintest-core/1.0.11/chaintest-core-1.0.11.jar!/com/aventstack/chaintest/generator/email/index.ftl"
2025-03-15 14:24:46 DEBUG cache:44 - Couldn't find template in cache for "index.ftl"("en_US", UTF-8, parsed); will try to load it.
2025-03-15 14:24:46 DEBUG cache:44 - TemplateLoader.findTemplateSource("index_en_US.ftl"): Not found
2025-03-15 14:24:46 DEBUG cache:44 - TemplateLoader.findTemplateSource("index_en.ftl"): Not found
2025-03-15 14:24:46 DEBUG cache:44 - TemplateLoader.findTemplateSource("index.ftl"): Found
2025-03-15 14:24:46 DEBUG cache:44 - Loading template for "index.ftl"("en_US", UTF-8, parsed) from "jar:file:/C:/Users/chand/.m2/repository/com/aventstack/chaintest-core/1.0.11/chaintest-core-1.0.11.jar!/com/aventstack/chaintest/generator/simple/index.ftl"
2025-03-15 14:24:57 INFO  GenericMethods:733 - *************  user landed on login page  *************
2025-03-15 14:24:58 INFO  GenericMethods:733 - *************  user entered user name   *************
2025-03-15 14:24:58 INFO  GenericMethods:733 - *************  user entered passWord   *************
2025-03-15 14:24:59 INFO  GenericMethods:733 - *************  user clicked on the login button  *************
2025-03-15 14:25:04 INFO  GenericMethods:733 - *************  user clicked on the view profile button   *************
2025-03-15 14:25:08 INFO  GenericMethods:733 - *************  user clicked on fil upload button   *************
2025-03-15 14:26:14 DEBUG cache:44 - Couldn't find template in cache for "bdd.ftl"("en_US", UTF-8, parsed); will try to load it.
2025-03-15 14:26:14 DEBUG cache:44 - TemplateLoader.findTemplateSource("bdd_en_US.ftl"): Not found
2025-03-15 14:26:14 DEBUG cache:44 - TemplateLoader.findTemplateSource("bdd_en.ftl"): Not found
2025-03-15 14:26:14 DEBUG cache:44 - TemplateLoader.findTemplateSource("bdd.ftl"): Found
2025-03-15 14:26:14 DEBUG cache:44 - Loading template for "bdd.ftl"("en_US", UTF-8, parsed) from "jar:file:/C:/Users/chand/.m2/repository/com/aventstack/chaintest-core/1.0.11/chaintest-core-1.0.11.jar!/com/aventstack/chaintest/generator/simple/bdd.ftl"
